<?xml version="1.0" encoding="UTF-8"?>
<!-- Generated by org.testng.reporters.JUnitXMLReporter -->
<testsuite ignored="1" hostname="NAGSEZ545533L" failures="0" tests="2" name="Test" time="33.434" errors="0" timestamp="2025-06-24T17:25:59 IST">
  <testcase classname="testCase.TC_01_AC_Creation" name="mainTest" time="2.85"/>
  <testcase classname="testCase.TC_03_ShopingCart_Test" name="shoppingCartTest" time="8.357"/>
  <testcase classname="testCase.TC_02_LoginData_Test" name="Login" time="0.0">
    <ignored/>
  </testcase> <!-- Login -->
</testsuite> <!-- Test -->
