<?xml version="1.0" encoding="UTF-8"?>
<!-- Generated by org.testng.reporters.JUnitXMLReporter -->
<testsuite ignored="2" hostname="LAPTOP-KS70SQGQ" failures="0" tests="1" name="Test" time="10.073" errors="0" timestamp="2025-06-28T10:15:59 IST">
  <testcase classname="testCase.TC_03_ShopingCart_Test" name="shoppingCartTest" time="6.549"/>
  <testcase classname="testCase.TC_02_LoginData_Test" name="Login" time="0.0">
    <ignored/>
  </testcase> <!-- Login -->
  <testcase classname="testCase.TC_01_AC_Creation" name="mainTest" time="0.0">
    <ignored/>
  </testcase> <!-- mainTest -->
</testsuite> <!-- Test -->
