<?xml version="1.0" encoding="UTF-8"?>
<testng-results ignored="2" total="3" passed="1" failed="0" skipped="0">
  <reporter-output>
  </reporter-output>
  <suite started-at="2025-06-28T10:15:48 IST" name="Suite" finished-at="2025-06-28T10:15:58 IST" duration-ms="10073">
    <groups>
      <group name="Master">
        <method signature="TC_03_ShopingCart_Test.shoppingCartTest()[pri:0, instance:testCase.TC_03_ShopingCart_Test@149dd36b]" name="shoppingCartTest" class="testCase.TC_03_ShopingCart_Test"/>
      </group> <!-- Master -->
      <group name="Functional">
        <method signature="TC_03_ShopingCart_Test.shoppingCartTest()[pri:0, instance:testCase.TC_03_ShopingCart_Test@149dd36b]" name="shoppingCartTest" class="testCase.TC_03_ShopingCart_Test"/>
      </group> <!-- Functional -->
    </groups>
    <test started-at="2025-06-28T10:15:48 IST" name="Test" finished-at="2025-06-28T10:15:58 IST" duration-ms="10073">
      <class name="testCase.TC_03_ShopingCart_Test">
        <test-method is-config="true" signature="setUp(java.lang.String,java.lang.String)[pri:0, instance:testCase.TC_03_ShopingCart_Test@149dd36b]" started-at="2025-06-28T10:15:48 IST" name="setUp" finished-at="2025-06-28T10:15:50 IST" duration-ms="2148" status="PASS">
          <params>
            <param index="0">
              <value>
                <![CDATA[edge]]>
              </value>
            </param>
            <param index="1">
              <value>
                <![CDATA[Windows]]>
              </value>
            </param>
          </params>
          <reporter-output>
          </reporter-output>
        </test-method> <!-- setUp -->
        <test-method signature="shoppingCartTest()[pri:0, instance:testCase.TC_03_ShopingCart_Test@149dd36b]" started-at="2025-06-28T10:15:50 IST" name="shoppingCartTest" finished-at="2025-06-28T10:15:57 IST" duration-ms="6549" status="PASS">
          <reporter-output>
          </reporter-output>
        </test-method> <!-- shoppingCartTest -->
        <test-method is-config="true" signature="tearDown()[pri:0, instance:testCase.TC_03_ShopingCart_Test@149dd36b]" started-at="2025-06-28T10:15:57 IST" name="tearDown" finished-at="2025-06-28T10:15:58 IST" duration-ms="1190" status="PASS">
          <reporter-output>
          </reporter-output>
        </test-method> <!-- tearDown -->
      </class> <!-- testCase.TC_03_ShopingCart_Test -->
    </test> <!-- Test -->
  </suite> <!-- Suite -->
</testng-results>
