<?xml version="1.0" encoding="UTF-8"?>
<testng-results ignored="0" total="1" passed="1" failed="0" skipped="0">
  <reporter-output>
  </reporter-output>
  <suite started-at="2025-06-27T23:19:18 IST" name="Default suite" finished-at="2025-06-27T23:19:28 IST" duration-ms="10747">
    <groups>
      <group name="Master">
        <method signature="TC_01_AC_Creation.mainTest()[pri:0, instance:testCase.TC_01_AC_Creation@21d8bcbe]" name="mainTest" class="testCase.TC_01_AC_Creation"/>
      </group> <!-- Master -->
      <group name="Regression">
        <method signature="TC_01_AC_Creation.mainTest()[pri:0, instance:testCase.TC_01_AC_Creation@21d8bcbe]" name="mainTest" class="testCase.TC_01_AC_Creation"/>
      </group> <!-- Regression -->
    </groups>
    <test started-at="2025-06-27T23:19:18 IST" name="Default test" finished-at="2025-06-27T23:19:28 IST" duration-ms="10747">
      <class name="testCase.TC_01_AC_Creation">
        <test-method is-config="true" signature="setUp(java.lang.String,java.lang.String)[pri:0, instance:testCase.TC_01_AC_Creation@21d8bcbe]" started-at="2025-06-27T23:19:18 IST" name="setUp" finished-at="2025-06-27T23:19:26 IST" duration-ms="7937" status="PASS">
          <params>
            <param index="0">
              <value>
                <![CDATA[edge]]>
              </value>
            </param>
            <param index="1">
              <value>
                <![CDATA[windows]]>
              </value>
            </param>
          </params>
          <reporter-output>
          </reporter-output>
        </test-method> <!-- setUp -->
        <test-method signature="mainTest()[pri:0, instance:testCase.TC_01_AC_Creation@21d8bcbe]" started-at="2025-06-27T23:19:26 IST" name="mainTest" finished-at="2025-06-27T23:19:27 IST" duration-ms="1515" status="PASS">
          <reporter-output>
          </reporter-output>
        </test-method> <!-- mainTest -->
        <test-method is-config="true" signature="tearDown()[pri:0, instance:testCase.TC_01_AC_Creation@21d8bcbe]" started-at="2025-06-27T23:19:27 IST" name="tearDown" finished-at="2025-06-27T23:19:28 IST" duration-ms="1252" status="PASS">
          <reporter-output>
          </reporter-output>
        </test-method> <!-- tearDown -->
      </class> <!-- testCase.TC_01_AC_Creation -->
    </test> <!-- Default test -->
  </suite> <!-- Default suite -->
</testng-results>
